# JRE version: OpenJDK Runtime Environment (21.0.10) (build 21.0.10+-14961533-b1163.108)
# Java VM: OpenJDK 64-Bit Server VM (21.0.10+-14961533-b1163.108, mixed mode, tiered, compressed oops, compressed class ptrs, g1 gc, windows-amd64)
GC Precious Log:
 CardTable entry size: 512
 Card Set container configuration: InlinePtr #cards 5 size 8 Array Of Cards #cards 12 size 40 Howl #buckets 4 coarsen threshold 1843 Howl Bitmap #cards 512 size 80 coarsen threshold 460 Card regions per heap region 1 cards per card region 2048
 CPUs: 12 total, 12 available
 Memory: 15723M
 Large Page Support: Disabled
 NUMA Support: Disabled
 Compressed Oops: Enabled (32-bit)
 Heap Region Size: 1M
 Heap Min Capacity: 8M
 Heap Initial Capacity: 246M
 Heap Max Capacity: 2G
 Pre-touch: Disabled
 Parallel Workers: 10
 Concurrent Workers: 3
 Concurrent Refinement Workers: 10
 Periodic GC: Disabled
Heap:
 garbage-first heap   total 86016K, used 74677K [0x0000000080000000, 0x0000000100000000)
  region size 1024K, 60 young (61440K), 10 survivors (10240K)
 Metaspace       used 29789K, committed 30336K, reserved 1114112K
  class space    used 3707K, committed 3968K, reserved 1048576K
GC Heap History (9 events):
Event: 0.926 GC heap before
{Heap before GC invocations=0 (full 0):
 garbage-first heap   total 251904K, used 23552K [0x0000000080000000, 0x0000000100000000)
  region size 1024K, 23 young (23552K), 0 survivors (0K)
 Metaspace       used 7874K, committed 8000K, reserved 1114112K
  class space    used 733K, committed 768K, reserved 1048576K
}
Event: 0.932 GC heap after
{Heap after GC invocations=1 (full 0):
 garbage-first heap   total 251904K, used 1408K [0x0000000080000000, 0x0000000100000000)
  region size 1024K, 2 young (2048K), 2 survivors (2048K)
 Metaspace       used 7874K, committed 8000K, reserved 1114112K
  class space    used 733K, committed 768K, reserved 1048576K
}
Event: 2.165 GC heap before
{Heap before GC invocations=1 (full 0):
 garbage-first heap   total 251904K, used 42368K [0x0000000080000000, 0x0000000100000000)
  region size 1024K, 38 young (38912K), 2 survivors (2048K)
 Metaspace       used 11810K, committed 11968K, reserved 1114112K
  class space    used 1273K, committed 1344K, reserved 1048576K
}
Event: 2.174 GC heap after
{Heap after GC invocations=2 (full 0):
 garbage-first heap   total 251904K, used 11227K [0x0000000080000000, 0x0000000100000000)
  region size 1024K, 5 young (5120K), 5 survivors (5120K)
 Metaspace       used 11810K, committed 11968K, reserved 1114112K
  class space    used 1273K, committed 1344K, reserved 1048576K
}
Event: 7.262 GC heap before
{Heap before GC invocations=2 (full 0):
 garbage-first heap   total 251904K, used 158683K [0x0000000080000000, 0x0000000100000000)
  region size 1024K, 147 young (150528K), 5 survivors (5120K)
 Metaspace       used 20517K, committed 20800K, reserved 1114112K
  class space    used 2387K, committed 2496K, reserved 1048576K
}
Event: 7.275 GC heap after
{Heap after GC invocations=3 (full 0):
 garbage-first heap   total 251904K, used 20889K [0x0000000080000000, 0x0000000100000000)
  region size 1024K, 14 young (14336K), 14 survivors (14336K)
 Metaspace       used 20517K, committed 20800K, reserved 1114112K
  class space    used 2387K, committed 2496K, reserved 1048576K
}
Event: 8.464 GC heap before
{Heap before GC invocations=3 (full 0):
 garbage-first heap   total 251904K, used 26009K [0x0000000080000000, 0x0000000100000000)
  region size 1024K, 20 young (20480K), 14 survivors (14336K)
 Metaspace       used 21150K, committed 21504K, reserved 1114112K
  class space    used 2473K, committed 2688K, reserved 1048576K
}
Event: 8.475 GC heap after
{Heap after GC invocations=4 (full 0):
 garbage-first heap   total 251904K, used 21429K [0x0000000080000000, 0x0000000100000000)
  region size 1024K, 9 young (9216K), 9 survivors (9216K)
 Metaspace       used 21150K, committed 21504K, reserved 1114112K
  class space    used 2473K, committed 2688K, reserved 1048576K
}
Event: 11.388 GC heap before
{Heap before GC invocations=5 (full 0):
 garbage-first heap   total 75776K, used 73653K [0x0000000080000000, 0x0000000100000000)
  region size 1024K, 59 young (60416K), 9 survivors (9216K)
 Metaspace       used 29789K, committed 30336K, reserved 1114112K
  class space    used 3707K, committed 3968K, reserved 1048576K
}

