# JRE version: OpenJDK Runtime Environment (21.0.10) (build 21.0.10+-14961533-b1163.108)
# Java VM: OpenJDK 64-Bit Server VM (21.0.10+-14961533-b1163.108, mixed mode, tiered, compressed oops, compressed class ptrs, g1 gc, windows-amd64)
GC Precious Log:
 CardTable entry size: 512
 Card Set container configuration: InlinePtr #cards 5 size 8 Array Of Cards #cards 12 size 40 Howl #buckets 4 coarsen threshold 1843 Howl Bitmap #cards 512 size 80 coarsen threshold 460 Card regions per heap region 1 cards per card region 2048
 CPUs: 12 total, 12 available
 Memory: 15723M
 Large Page Support: Disabled
 NUMA Support: Disabled
 Compressed Oops: Enabled (32-bit)
 Heap Region Size: 1M
 Heap Min Capacity: 8M
 Heap Initial Capacity: 246M
 Heap Max Capacity: 2G
 Pre-touch: Disabled
 Parallel Workers: 10
 Concurrent Workers: 3
 Concurrent Refinement Workers: 10
 Periodic GC: Disabled
Heap:
 garbage-first heap   total 116736K, used 57871K [0x0000000080000000, 0x0000000100000000)
  region size 1024K, 4 young (4096K), 4 survivors (4096K)
 Metaspace       used 78542K, committed 80448K, reserved 1179648K
  class space    used 11078K, committed 11968K, reserved 1048576K
GC Heap History (20 events):
Event: 16.007 GC heap after
{Heap after GC invocations=20 (full 0):
 garbage-first heap   total 83968K, used 49675K [0x0000000080000000, 0x0000000100000000)
  region size 1024K, 3 young (3072K), 3 survivors (3072K)
 Metaspace       used 73251K, committed 75072K, reserved 1114112K
  class space    used 10389K, committed 11264K, reserved 1048576K
}
Event: 16.686 GC heap before
{Heap before GC invocations=20 (full 0):
 garbage-first heap   total 83968K, used 77323K [0x0000000080000000, 0x0000000100000000)
  region size 1024K, 30 young (30720K), 3 survivors (3072K)
 Metaspace       used 76641K, committed 78528K, reserved 1179648K
  class space    used 10928K, committed 11840K, reserved 1048576K
}
Event: 16.693 GC heap after
{Heap after GC invocations=21 (full 0):
 garbage-first heap   total 83968K, used 50297K [0x0000000080000000, 0x0000000100000000)
  region size 1024K, 3 young (3072K), 3 survivors (3072K)
 Metaspace       used 76641K, committed 78528K, reserved 1179648K
  class space    used 10928K, committed 11840K, reserved 1048576K
}
Event: 19.938 GC heap before
{Heap before GC invocations=21 (full 0):
 garbage-first heap   total 83968K, used 76921K [0x0000000080000000, 0x0000000100000000)
  region size 1024K, 30 young (30720K), 3 survivors (3072K)
 Metaspace       used 78031K, committed 79936K, reserved 1179648K
  class space    used 11078K, committed 11968K, reserved 1048576K
}
Event: 19.945 GC heap after
{Heap after GC invocations=22 (full 0):
 garbage-first heap   total 84992K, used 53576K [0x0000000080000000, 0x0000000100000000)
  region size 1024K, 4 young (4096K), 4 survivors (4096K)
 Metaspace       used 78031K, committed 79936K, reserved 1179648K
  class space    used 11078K, committed 11968K, reserved 1048576K
}
Event: 20.082 GC heap before
{Heap before GC invocations=23 (full 0):
 garbage-first heap   total 91136K, used 77128K [0x0000000080000000, 0x0000000100000000)
  region size 1024K, 28 young (28672K), 4 survivors (4096K)
 Metaspace       used 78136K, committed 80000K, reserved 1179648K
  class space    used 11078K, committed 11968K, reserved 1048576K
}
Event: 20.087 GC heap after
{Heap after GC invocations=24 (full 0):
 garbage-first heap   total 91136K, used 54817K [0x0000000080000000, 0x0000000100000000)
  region size 1024K, 2 young (2048K), 2 survivors (2048K)
 Metaspace       used 78136K, committed 80000K, reserved 1179648K
  class space    used 11078K, committed 11968K, reserved 1048576K
}
Event: 20.254 GC heap before
{Heap before GC invocations=24 (full 0):
 garbage-first heap   total 91136K, used 82465K [0x0000000080000000, 0x0000000100000000)
  region size 1024K, 30 young (30720K), 2 survivors (2048K)
 Metaspace       used 78260K, committed 80128K, reserved 1179648K
  class space    used 11078K, committed 11968K, reserved 1048576K
}
Event: 20.257 GC heap after
{Heap after GC invocations=25 (full 0):
 garbage-first heap   total 91136K, used 55265K [0x0000000080000000, 0x0000000100000000)
  region size 1024K, 2 young (2048K), 2 survivors (2048K)
 Metaspace       used 78260K, committed 80128K, reserved 1179648K
  class space    used 11078K, committed 11968K, reserved 1048576K
}
Event: 20.395 GC heap before
{Heap before GC invocations=25 (full 0):
 garbage-first heap   total 91136K, used 82913K [0x0000000080000000, 0x0000000100000000)
  region size 1024K, 30 young (30720K), 2 survivors (2048K)
 Metaspace       used 78373K, committed 80256K, reserved 1179648K
  class space    used 11078K, committed 11968K, reserved 1048576K
}
Event: 20.399 GC heap after
{Heap after GC invocations=26 (full 0):
 garbage-first heap   total 91136K, used 55750K [0x0000000080000000, 0x0000000100000000)
  region size 1024K, 3 young (3072K), 3 survivors (3072K)
 Metaspace       used 78373K, committed 80256K, reserved 1179648K
  class space    used 11078K, committed 11968K, reserved 1048576K
}
Event: 20.574 GC heap before
{Heap before GC invocations=27 (full 0):
 garbage-first heap   total 96256K, used 82374K [0x0000000080000000, 0x0000000100000000)
  region size 1024K, 30 young (30720K), 3 survivors (3072K)
 Metaspace       used 78393K, committed 80256K, reserved 1179648K
  class space    used 11078K, committed 11968K, reserved 1048576K
}
Event: 20.578 GC heap after
{Heap after GC invocations=28 (full 0):
 garbage-first heap   total 116736K, used 56212K [0x0000000080000000, 0x0000000100000000)
  region size 1024K, 3 young (3072K), 3 survivors (3072K)
 Metaspace       used 78393K, committed 80256K, reserved 1179648K
  class space    used 11078K, committed 11968K, reserved 1048576K
}
Event: 20.786 GC heap before
{Heap before GC invocations=28 (full 0):
 garbage-first heap   total 116736K, used 107412K [0x0000000080000000, 0x0000000100000000)
  region size 1024K, 54 young (55296K), 3 survivors (3072K)
 Metaspace       used 78503K, committed 80384K, reserved 1179648K
  class space    used 11078K, committed 11968K, reserved 1048576K
}
Event: 20.792 GC heap after
{Heap after GC invocations=29 (full 0):
 garbage-first heap   total 116736K, used 56527K [0x0000000080000000, 0x0000000100000000)
  region size 1024K, 4 young (4096K), 4 survivors (4096K)
 Metaspace       used 78503K, committed 80384K, reserved 1179648K
  class space    used 11078K, committed 11968K, reserved 1048576K
}
Event: 20.909 GC heap before
{Heap before GC invocations=29 (full 0):
 garbage-first heap   total 116736K, used 107727K [0x0000000080000000, 0x0000000100000000)
  region size 1024K, 54 young (55296K), 4 survivors (4096K)
 Metaspace       used 78511K, committed 80384K, reserved 1179648K
  class space    used 11078K, committed 11968K, reserved 1048576K
}
Event: 20.914 GC heap after
{Heap after GC invocations=30 (full 0):
 garbage-first heap   total 116736K, used 57340K [0x0000000080000000, 0x0000000100000000)
  region size 1024K, 4 young (4096K), 4 survivors (4096K)
 Metaspace       used 78511K, committed 80384K, reserved 1179648K
  class space    used 11078K, committed 11968K, reserved 1048576K
}
Event: 21.025 GC heap before
{Heap before GC invocations=31 (full 0):
 garbage-first heap   total 116736K, used 107516K [0x0000000080000000, 0x0000000100000000)
  region size 1024K, 54 young (55296K), 4 survivors (4096K)
 Metaspace       used 78536K, committed 80448K, reserved 1179648K
  class space    used 11078K, committed 11968K, reserved 1048576K
}
Event: 21.030 GC heap after
{Heap after GC invocations=32 (full 0):
 garbage-first heap   total 116736K, used 57640K [0x0000000080000000, 0x0000000100000000)
  region size 1024K, 5 young (5120K), 5 survivors (5120K)
 Metaspace       used 78536K, committed 80448K, reserved 1179648K
  class space    used 11078K, committed 11968K, reserved 1048576K
}
Event: 21.120 GC heap before
{Heap before GC invocations=32 (full 0):
 garbage-first heap   total 116736K, used 106792K [0x0000000080000000, 0x0000000100000000)
  region size 1024K, 54 young (55296K), 5 survivors (5120K)
 Metaspace       used 78542K, committed 80448K, reserved 1179648K
  class space    used 11078K, committed 11968K, reserved 1048576K
}

